0 info it worked if it ends with ok
1 verbose cli [ 'C:\\Program Files\\nodejs\\node.exe',
1 verbose cli   'C:\\Program Files\\nodejs\\node_modules\\npm\\bin\\npm-cli.js',
1 verbose cli   'run',
1 verbose cli   'start' ]
2 info using npm@3.10.8
3 info using node@v6.9.0
4 verbose run-script [ 'prestart', 'start', 'poststart' ]
5 info lifecycle pacman@0.0.1~prestart: pacman@0.0.1
6 silly lifecycle pacman@0.0.1~prestart: no script for prestart, continuing
7 info lifecycle pacman@0.0.1~start: pacman@0.0.1
8 verbose lifecycle pacman@0.0.1~start: unsafe-perm in lifecycle true
9 verbose lifecycle pacman@0.0.1~start: PATH: C:\Program Files\nodejs\node_modules\npm\bin\node-gyp-bin;C:\Users\user\Documents\Assignment\pacman-master\node_modules\.bin;C:\Windows\system32;C:\Windows;C:\Windows\System32\Wbem;C:\Windows\System32\WindowsPowerShell\v1.0\;C:\Windows\System32\OpenSSH\;C:\Program Files\MongoDB\Server\3.4\bin;C:\ProgramData\chocolatey\bin;C:\Program Files\nodejs\;C:\Users\user\AppData\Local\Microsoft\WindowsApps;C:\Users\user\AppData\Local\atom\bin;C:\Users\user\AppData\Roaming\npm
10 verbose lifecycle pacman@0.0.1~start: CWD: C:\Users\user\Documents\Assignment\pacman-master
11 silly lifecycle pacman@0.0.1~start: Args: [ '/d /s /c', 'node .' ]
12 silly lifecycle pacman@0.0.1~start: Returned: code: 3221225786  signal: null
13 info lifecycle pacman@0.0.1~start: Failed to exec start script
14 verbose stack Error: pacman@0.0.1 start: `node .`
14 verbose stack Exit status 3221225786
14 verbose stack     at EventEmitter.<anonymous> (C:\Program Files\nodejs\node_modules\npm\lib\utils\lifecycle.js:255:16)
14 verbose stack     at emitTwo (events.js:106:13)
14 verbose stack     at EventEmitter.emit (events.js:191:7)
14 verbose stack     at ChildProcess.<anonymous> (C:\Program Files\nodejs\node_modules\npm\lib\utils\spawn.js:40:14)
14 verbose stack     at emitTwo (events.js:106:13)
14 verbose stack     at ChildProcess.emit (events.js:191:7)
14 verbose stack     at maybeClose (internal/child_process.js:877:16)
14 verbose stack     at Process.ChildProcess._handle.onexit (internal/child_process.js:226:5)
15 verbose pkgid pacman@0.0.1
16 verbose cwd C:\Users\user\Documents\Assignment\pacman-master
17 error Windows_NT 10.0.19045
18 error argv "C:\\Program Files\\nodejs\\node.exe" "C:\\Program Files\\nodejs\\node_modules\\npm\\bin\\npm-cli.js" "run" "start"
19 error node v6.9.0
20 error npm  v3.10.8
21 error code ELIFECYCLE
22 error pacman@0.0.1 start: `node .`
22 error Exit status 3221225786
23 error Failed at the pacman@0.0.1 start script 'node .'.
23 error Make sure you have the latest version of node.js and npm installed.
23 error If you do, this is most likely a problem with the pacman package,
23 error not with npm itself.
23 error Tell the author that this fails on your system:
23 error     node .
23 error You can get information on how to open an issue for this project with:
23 error     npm bugs pacman
23 error Or if that isn't available, you can get their info via:
23 error     npm owner ls pacman
23 error There is likely additional logging output above.
24 verbose exit [ 1, true ]
